<?xml version="1.0" encoding="UTF-8"?>
<testng-results ignored="0" total="10" passed="4" failed="5" skipped="1">
  <reporter-output>
    <line>
      <![CDATA[<a href = "./screenshots/Promises1.jpeg" target = "_blank">Screenshot</a>]]>
    </line>
    <line>
      <![CDATA[<br/><br/>]]>
    </line>
    <line>
      <![CDATA[<a href = "./screenshots/Promises1.jpeg" target = "_blank"><img src = "./screenshots/Promises1.jpeg" width = "200"   ></a>]]>
    </line>
    <line>
      <![CDATA[<a href = "./screenshots/Promises1.jpeg" target = "_blank">Screenshot</a>]]>
    </line>
    <line>
      <![CDATA[<br/><br/>]]>
    </line>
    <line>
      <![CDATA[<a href = "./screenshots/Promises1.jpeg" target = "_blank"><img src = "./screenshots/Promises1.jpeg" width = "200"   ></a>]]>
    </line>
    <line>
      <![CDATA[<a href = "./screenshots/Promises1.jpeg" target = "_blank">Screenshot</a>]]>
    </line>
    <line>
      <![CDATA[<br/><br/>]]>
    </line>
    <line>
      <![CDATA[<a href = "./screenshots/Promises1.jpeg" target = "_blank"><img src = "./screenshots/Promises1.jpeg" width = "200"   ></a>]]>
    </line>
    <line>
      <![CDATA[<a href = "./screenshots/Promises1.jpeg" target = "_blank">Screenshot</a>]]>
    </line>
    <line>
      <![CDATA[<br/><br/>]]>
    </line>
    <line>
      <![CDATA[<a href = "./screenshots/Promises1.jpeg" target = "_blank"><img src = "./screenshots/Promises1.jpeg" width = "200"   ></a>]]>
    </line>
    <line>
      <![CDATA[<a href = "./screenshots/Promises1.jpeg" target = "_blank">Screenshot</a>]]>
    </line>
    <line>
      <![CDATA[<br/><br/>]]>
    </line>
    <line>
      <![CDATA[<a href = "./screenshots/Promises1.jpeg" target = "_blank"><img src = "./screenshots/Promises1.jpeg" width = "200"   ></a>]]>
    </line>
    <line>
      <![CDATA[<a href = "./screenshots/Promises1.jpeg">Screenshot</a>]]>
    </line>
    <line>
      <![CDATA[<br/><br/>]]>
    </line>
    <line>
      <![CDATA[<a href = "./screenshots/Promises1.jpeg"><img src = "./screenshots/Promises1.jpeg" width = "200"   ></a>]]>
    </line>
  </reporter-output>
  <suite started-at="2022-07-14T07:01:44Z" name="Suite" finished-at="2022-07-14T07:03:16Z" duration-ms="92492">
    <groups>
    </groups>
    <test started-at="2022-07-14T07:01:44Z" name="LoginAndReg" finished-at="2022-07-14T07:03:16Z" duration-ms="92160">
      <class name="testngLearn.Test1">
        <test-method is-config="true" signature="openDBConnectiono()[pri:0, instance:testngLearn.Test1@21fd5faa]" started-at="2022-07-14T07:01:44Z" name="openDBConnectiono" finished-at="2022-07-14T07:01:44Z" duration-ms="9" status="PASS">
          <reporter-output>
          </reporter-output>
        </test-method> <!-- openDBConnectiono -->
        <test-method is-config="true" signature="testStart()[pri:0, instance:testngLearn.WalletHubLogin@2766ca9d]" started-at="2022-07-14T07:01:44Z" name="testStart" finished-at="2022-07-14T07:01:44Z" duration-ms="599" status="PASS">
          <reporter-output>
          </reporter-output>
        </test-method> <!-- testStart -->
        <test-method is-config="true" signature="openBrowser()[pri:0, instance:testngLearn.Test1@21fd5faa]" started-at="2022-07-14T07:01:44Z" name="openBrowser" finished-at="2022-07-14T07:01:44Z" duration-ms="0" status="PASS">
          <reporter-output>
          </reporter-output>
        </test-method> <!-- openBrowser -->
        <test-method signature="multipleValidations()[pri:0, instance:testngLearn.Test1@21fd5faa]" started-at="2022-07-14T07:01:44Z" name="multipleValidations" finished-at="2022-07-14T07:01:44Z" duration-ms="12" status="FAIL">
          <exception class="java.lang.AssertionError">
            <message>
              <![CDATA[The following asserts failed:
Numbers don't match expected [5] but found [2],
Element is present! expected [false] but found [true]]]>
            </message>
            <full-stacktrace>
              <![CDATA[java.lang.AssertionError: The following asserts failed:
Numbers don't match expected [5] but found [2],
Element is present! expected [false] but found [true]
at org.testng.asserts.SoftAssert.assertAll(SoftAssert.java:43)
at testngLearn.Test1.multipleValidations(Test1.java:59)
at java.base/jdk.internal.reflect.NativeMethodAccessorImpl.invoke0(Native Method)
at java.base/jdk.internal.reflect.NativeMethodAccessorImpl.invoke(NativeMethodAccessorImpl.java:77)
at java.base/jdk.internal.reflect.DelegatingMethodAccessorImpl.invoke(DelegatingMethodAccessorImpl.java:43)
at java.base/java.lang.reflect.Method.invoke(Method.java:568)
at org.testng.internal.MethodInvocationHelper.invokeMethod(MethodInvocationHelper.java:124)
at org.testng.internal.Invoker.invokeMethod(Invoker.java:583)
at org.testng.internal.Invoker.invokeTestMethod(Invoker.java:719)
at org.testng.internal.Invoker.invokeTestMethods(Invoker.java:989)
at org.testng.internal.TestMethodWorker.invokeTestMethods(TestMethodWorker.java:125)
at org.testng.internal.TestMethodWorker.run(TestMethodWorker.java:109)
at org.testng.TestRunner.privateRun(TestRunner.java:648)
at org.testng.TestRunner.run(TestRunner.java:505)
at org.testng.SuiteRunner.runTest(SuiteRunner.java:455)
at org.testng.SuiteRunner.runSequentially(SuiteRunner.java:450)
at org.testng.SuiteRunner.privateRun(SuiteRunner.java:415)
at org.testng.SuiteRunner.run(SuiteRunner.java:364)
at org.testng.SuiteRunnerWorker.runSuite(SuiteRunnerWorker.java:52)
at org.testng.SuiteRunnerWorker.run(SuiteRunnerWorker.java:84)
at org.testng.TestNG.runSuitesSequentially(TestNG.java:1208)
at org.testng.TestNG.runSuitesLocally(TestNG.java:1137)
at org.testng.TestNG.runSuites(TestNG.java:1049)
at org.testng.TestNG.run(TestNG.java:1017)
at org.testng.remote.AbstractRemoteTestNG.run(AbstractRemoteTestNG.java:115)
at org.testng.remote.RemoteTestNG.initAndRun(RemoteTestNG.java:251)
at org.testng.remote.RemoteTestNG.main(RemoteTestNG.java:77)
]]>
            </full-stacktrace>
          </exception> <!-- java.lang.AssertionError -->
          <reporter-output>
            <line>
              <![CDATA[<a href = "./screenshots/Promises1.jpeg" target = "_blank">Screenshot</a>]]>
            </line>
            <line>
              <![CDATA[<br/><br/>]]>
            </line>
            <line>
              <![CDATA[<a href = "./screenshots/Promises1.jpeg" target = "_blank"><img src = "./screenshots/Promises1.jpeg" width = "200"   ></a>]]>
            </line>
          </reporter-output>
        </test-method> <!-- multipleValidations -->
        <test-method is-config="true" signature="closeBrowser()[pri:0, instance:testngLearn.Test1@21fd5faa]" started-at="2022-07-14T07:01:44Z" name="closeBrowser" finished-at="2022-07-14T07:01:44Z" duration-ms="1" status="PASS">
          <reporter-output>
          </reporter-output>
        </test-method> <!-- closeBrowser -->
        <test-method is-config="true" signature="openBrowser()[pri:0, instance:testngLearn.Test1@21fd5faa]" started-at="2022-07-14T07:01:44Z" name="openBrowser" finished-at="2022-07-14T07:01:44Z" duration-ms="1" status="PASS">
          <reporter-output>
          </reporter-output>
        </test-method> <!-- openBrowser -->
        <test-method signature="skipTest()[pri:0, instance:testngLearn.Test1@21fd5faa]" started-at="2022-07-14T07:01:44Z" name="skipTest" finished-at="2022-07-14T07:01:44Z" duration-ms="1" status="SKIP">
          <exception class="org.testng.SkipException">
            <message>
              <![CDATA[Test skipped as condition not met!]]>
            </message>
            <full-stacktrace>
              <![CDATA[org.testng.SkipException: Test skipped as condition not met!
at testngLearn.Test1.skipTest(Test1.java:65)
at java.base/jdk.internal.reflect.NativeMethodAccessorImpl.invoke0(Native Method)
at java.base/jdk.internal.reflect.NativeMethodAccessorImpl.invoke(NativeMethodAccessorImpl.java:77)
at java.base/jdk.internal.reflect.DelegatingMethodAccessorImpl.invoke(DelegatingMethodAccessorImpl.java:43)
at java.base/java.lang.reflect.Method.invoke(Method.java:568)
at org.testng.internal.MethodInvocationHelper.invokeMethod(MethodInvocationHelper.java:124)
at org.testng.internal.Invoker.invokeMethod(Invoker.java:583)
at org.testng.internal.Invoker.invokeTestMethod(Invoker.java:719)
at org.testng.internal.Invoker.invokeTestMethods(Invoker.java:989)
at org.testng.internal.TestMethodWorker.invokeTestMethods(TestMethodWorker.java:125)
at org.testng.internal.TestMethodWorker.run(TestMethodWorker.java:109)
at org.testng.TestRunner.privateRun(TestRunner.java:648)
at org.testng.TestRunner.run(TestRunner.java:505)
at org.testng.SuiteRunner.runTest(SuiteRunner.java:455)
at org.testng.SuiteRunner.runSequentially(SuiteRunner.java:450)
at org.testng.SuiteRunner.privateRun(SuiteRunner.java:415)
at org.testng.SuiteRunner.run(SuiteRunner.java:364)
at org.testng.SuiteRunnerWorker.runSuite(SuiteRunnerWorker.java:52)
at org.testng.SuiteRunnerWorker.run(SuiteRunnerWorker.java:84)
at org.testng.TestNG.runSuitesSequentially(TestNG.java:1208)
at org.testng.TestNG.runSuitesLocally(TestNG.java:1137)
at org.testng.TestNG.runSuites(TestNG.java:1049)
at org.testng.TestNG.run(TestNG.java:1017)
at org.testng.remote.AbstractRemoteTestNG.run(AbstractRemoteTestNG.java:115)
at org.testng.remote.RemoteTestNG.initAndRun(RemoteTestNG.java:251)
at org.testng.remote.RemoteTestNG.main(RemoteTestNG.java:77)
]]>
            </full-stacktrace>
          </exception> <!-- org.testng.SkipException -->
          <reporter-output>
          </reporter-output>
        </test-method> <!-- skipTest -->
        <test-method is-config="true" signature="closeBrowser()[pri:0, instance:testngLearn.Test1@21fd5faa]" started-at="2022-07-14T07:01:44Z" name="closeBrowser" finished-at="2022-07-14T07:01:44Z" duration-ms="0" status="PASS">
          <reporter-output>
          </reporter-output>
        </test-method> <!-- closeBrowser -->
        <test-method signature="doLogin()[pri:3, instance:testngLearn.Test1@21fd5faa]" started-at="2022-07-14T07:03:16Z" name="doLogin" finished-at="2022-07-14T07:03:16Z" duration-ms="1" status="PASS">
          <reporter-output>
          </reporter-output>
        </test-method> <!-- doLogin -->
        <test-method is-config="true" signature="openBrowser()[pri:0, instance:testngLearn.Test1@21fd5faa]" started-at="2022-07-14T07:03:16Z" name="openBrowser" finished-at="2022-07-14T07:03:16Z" duration-ms="0" status="PASS">
          <reporter-output>
          </reporter-output>
        </test-method> <!-- openBrowser -->
        <test-method is-config="true" signature="closeBrowser()[pri:0, instance:testngLearn.Test1@21fd5faa]" started-at="2022-07-14T07:03:16Z" name="closeBrowser" finished-at="2022-07-14T07:03:16Z" duration-ms="0" status="PASS">
          <reporter-output>
          </reporter-output>
        </test-method> <!-- closeBrowser -->
        <test-method signature="doRegistration()[pri:1, instance:testngLearn.Test1@21fd5faa]" started-at="2022-07-14T07:03:16Z" name="doRegistration" finished-at="2022-07-14T07:03:16Z" duration-ms="1" status="PASS">
          <reporter-output>
          </reporter-output>
        </test-method> <!-- doRegistration -->
        <test-method is-config="true" signature="openBrowser()[pri:0, instance:testngLearn.Test1@21fd5faa]" started-at="2022-07-14T07:03:16Z" name="openBrowser" finished-at="2022-07-14T07:03:16Z" duration-ms="0" status="PASS">
          <reporter-output>
          </reporter-output>
        </test-method> <!-- openBrowser -->
        <test-method is-config="true" signature="openBrowser()[pri:0, instance:testngLearn.Test1@21fd5faa]" started-at="2022-07-14T07:03:16Z" name="openBrowser" finished-at="2022-07-14T07:03:16Z" duration-ms="1" status="PASS">
          <reporter-output>
          </reporter-output>
        </test-method> <!-- openBrowser -->
        <test-method is-config="true" signature="closeBrowser()[pri:0, instance:testngLearn.Test1@21fd5faa]" started-at="2022-07-14T07:03:16Z" name="closeBrowser" finished-at="2022-07-14T07:03:16Z" duration-ms="0" status="PASS">
          <reporter-output>
          </reporter-output>
        </test-method> <!-- closeBrowser -->
        <test-method signature="reachDashboard()[pri:2, instance:testngLearn.Test1@21fd5faa]" started-at="2022-07-14T07:03:16Z" name="reachDashboard" finished-at="2022-07-14T07:03:16Z" depends-on-methods="testngLearn.Test1.doRegistration" duration-ms="1" status="PASS">
          <reporter-output>
          </reporter-output>
        </test-method> <!-- reachDashboard -->
        <test-method is-config="true" signature="allTestFinish()[pri:0, instance:testngLearn.WalletHubLogin@2766ca9d]" started-at="2022-07-14T07:03:16Z" name="allTestFinish" finished-at="2022-07-14T07:03:16Z" duration-ms="1" status="PASS">
          <reporter-output>
          </reporter-output>
        </test-method> <!-- allTestFinish -->
        <test-method is-config="true" signature="closeBrowser()[pri:0, instance:testngLearn.Test1@21fd5faa]" started-at="2022-07-14T07:03:16Z" name="closeBrowser" finished-at="2022-07-14T07:03:16Z" duration-ms="0" status="PASS">
          <reporter-output>
          </reporter-output>
        </test-method> <!-- closeBrowser -->
        <test-method is-config="true" signature="closeDBConnection()[pri:0, instance:testngLearn.Test1@21fd5faa]" started-at="2022-07-14T07:03:16Z" name="closeDBConnection" finished-at="2022-07-14T07:03:16Z" duration-ms="0" status="PASS">
          <reporter-output>
          </reporter-output>
        </test-method> <!-- closeDBConnection -->
      </class> <!-- testngLearn.Test1 -->
      <class name="testngLearn.WalletHubLogin">
        <test-method is-config="true" signature="launchBrowser()[pri:0, instance:testngLearn.WalletHubLogin@2766ca9d]" started-at="2022-07-14T07:01:45Z" name="launchBrowser" finished-at="2022-07-14T07:01:47Z" duration-ms="1930" status="PASS">
          <reporter-output>
          </reporter-output>
        </test-method> <!-- launchBrowser -->
        <test-method signature="loginWalletHub(java.lang.String, java.lang.String)[pri:0, instance:testngLearn.WalletHubLogin@2766ca9d]" started-at="2022-07-14T07:01:47Z" name="loginWalletHub" data-provider="login-data" finished-at="2022-07-14T07:02:17Z" duration-ms="29632" status="FAIL">
          <params>
            <param index="0">
              <value>
                <![CDATA[ashley@evolutionfinance.com]]>
              </value>
            </param>
            <param index="1">
              <value>
                <![CDATA[Abcd123*]]>
              </value>
            </param>
          </params>
          <exception class="org.openqa.selenium.TimeoutException">
            <message>
              <![CDATA[Expected condition failed: waiting for element to be clickable: By.xpath: //*[@id="dashboard-gauge-score"]/span[1] (tried for 20 second(s) with 500 milliseconds interval)
Build info: version: '4.3.0', revision: 'a4995e2c09*'
System info: host: 'JEBIN-ZEPHG14', ip: '192.168.1.141', os.name: 'Windows 11', os.arch: 'amd64', os.version: '10.0', java.version: '17.0.2'
Driver info: org.openqa.selenium.chrome.ChromeDriver
Capabilities {acceptInsecureCerts: false, browserName: chrome, browserVersion: 103.0.5060.114, chrome: {chromedriverVersion: 103.0.5060.53 (a1711811edd7..., userDataDir: C:\Users\jebin\AppData\Loca...}, goog:chromeOptions: {debuggerAddress: localhost:54333}, networkConnectionEnabled: false, pageLoadStrategy: normal, platformName: WINDOWS, proxy: Proxy(), se:cdp: ws://localhost:54333/devtoo..., se:cdpVersion: 103.0.5060.114, setWindowRect: true, strictFileInteractability: false, timeouts: {implicit: 0, pageLoad: 300000, script: 30000}, unhandledPromptBehavior: dismiss and notify, webauthn:extension:credBlob: true, webauthn:extension:largeBlob: true, webauthn:virtualAuthenticators: true}
Session ID: ac3fdff1562d90adf9f9f7713c8a5844]]>
            </message>
            <full-stacktrace>
              <![CDATA[org.openqa.selenium.TimeoutException: Expected condition failed: waiting for element to be clickable: By.xpath: //*[@id="dashboard-gauge-score"]/span[1] (tried for 20 second(s) with 500 milliseconds interval)
Build info: version: '4.3.0', revision: 'a4995e2c09*'
System info: host: 'JEBIN-ZEPHG14', ip: '192.168.1.141', os.name: 'Windows 11', os.arch: 'amd64', os.version: '10.0', java.version: '17.0.2'
Driver info: org.openqa.selenium.chrome.ChromeDriver
Capabilities {acceptInsecureCerts: false, browserName: chrome, browserVersion: 103.0.5060.114, chrome: {chromedriverVersion: 103.0.5060.53 (a1711811edd7..., userDataDir: C:\Users\jebin\AppData\Loca...}, goog:chromeOptions: {debuggerAddress: localhost:54333}, networkConnectionEnabled: false, pageLoadStrategy: normal, platformName: WINDOWS, proxy: Proxy(), se:cdp: ws://localhost:54333/devtoo..., se:cdpVersion: 103.0.5060.114, setWindowRect: true, strictFileInteractability: false, timeouts: {implicit: 0, pageLoad: 300000, script: 30000}, unhandledPromptBehavior: dismiss and notify, webauthn:extension:credBlob: true, webauthn:extension:largeBlob: true, webauthn:virtualAuthenticators: true}
Session ID: ac3fdff1562d90adf9f9f7713c8a5844
at org.openqa.selenium.support.ui.WebDriverWait.timeoutException(WebDriverWait.java:87)
at org.openqa.selenium.support.ui.FluentWait.until(FluentWait.java:231)
at utilities.WhActions.waitForElement(WhActions.java:107)
at testngLearn.WalletHubLogin.loginWalletHub(WalletHubLogin.java:82)
at java.base/jdk.internal.reflect.NativeMethodAccessorImpl.invoke0(Native Method)
at java.base/jdk.internal.reflect.NativeMethodAccessorImpl.invoke(NativeMethodAccessorImpl.java:77)
at java.base/jdk.internal.reflect.DelegatingMethodAccessorImpl.invoke(DelegatingMethodAccessorImpl.java:43)
at java.base/java.lang.reflect.Method.invoke(Method.java:568)
at org.testng.internal.MethodInvocationHelper.invokeMethod(MethodInvocationHelper.java:124)
at org.testng.internal.Invoker.invokeMethod(Invoker.java:583)
at org.testng.internal.Invoker.invokeTestMethod(Invoker.java:719)
at org.testng.internal.Invoker.invokeTestMethods(Invoker.java:989)
at org.testng.internal.TestMethodWorker.invokeTestMethods(TestMethodWorker.java:125)
at org.testng.internal.TestMethodWorker.run(TestMethodWorker.java:109)
at org.testng.TestRunner.privateRun(TestRunner.java:648)
at org.testng.TestRunner.run(TestRunner.java:505)
at org.testng.SuiteRunner.runTest(SuiteRunner.java:455)
at org.testng.SuiteRunner.runSequentially(SuiteRunner.java:450)
at org.testng.SuiteRunner.privateRun(SuiteRunner.java:415)
at org.testng.SuiteRunner.run(SuiteRunner.java:364)
at org.testng.SuiteRunnerWorker.runSuite(SuiteRunnerWorker.java:52)
at org.testng.SuiteRunnerWorker.run(SuiteRunnerWorker.java:84)
at org.testng.TestNG.runSuitesSequentially(TestNG.java:1208)
at org.testng.TestNG.runSuitesLocally(TestNG.java:1137)
at org.testng.TestNG.runSuites(TestNG.java:1049)
at org.testng.TestNG.run(TestNG.java:1017)
at org.testng.remote.AbstractRemoteTestNG.run(AbstractRemoteTestNG.java:115)
at org.testng.remote.RemoteTestNG.initAndRun(RemoteTestNG.java:251)
at org.testng.remote.RemoteTestNG.main(RemoteTestNG.java:77)
]]>
            </full-stacktrace>
          </exception> <!-- org.openqa.selenium.TimeoutException -->
          <reporter-output>
            <line>
              <![CDATA[<a href = "./screenshots/Promises1.jpeg" target = "_blank">Screenshot</a>]]>
            </line>
            <line>
              <![CDATA[<br/><br/>]]>
            </line>
            <line>
              <![CDATA[<a href = "./screenshots/Promises1.jpeg" target = "_blank"><img src = "./screenshots/Promises1.jpeg" width = "200"   ></a>]]>
            </line>
          </reporter-output>
        </test-method> <!-- loginWalletHub -->
        <test-method is-config="true" signature="closeBrowser()[pri:0, instance:testngLearn.WalletHubLogin@2766ca9d]" started-at="2022-07-14T07:02:17Z" name="closeBrowser" finished-at="2022-07-14T07:02:17Z" duration-ms="207" status="PASS">
          <reporter-output>
          </reporter-output>
        </test-method> <!-- closeBrowser -->
        <test-method is-config="true" signature="launchBrowser()[pri:0, instance:testngLearn.WalletHubLogin@2766ca9d]" started-at="2022-07-14T07:02:17Z" name="launchBrowser" finished-at="2022-07-14T07:02:18Z" duration-ms="799" status="PASS">
          <reporter-output>
          </reporter-output>
        </test-method> <!-- launchBrowser -->
        <test-method signature="loginWalletHub(java.lang.String, java.lang.String)[pri:0, instance:testngLearn.WalletHubLogin@2766ca9d]" started-at="2022-07-14T07:02:18Z" name="loginWalletHub" data-provider="login-data" finished-at="2022-07-14T07:02:47Z" duration-ms="29068" status="FAIL">
          <params>
            <param index="0">
              <value>
                <![CDATA[enhanceusr920@evolutionfinance.com]]>
              </value>
            </param>
            <param index="1">
              <value>
                <![CDATA[Abcd123*]]>
              </value>
            </param>
          </params>
          <exception class="org.openqa.selenium.TimeoutException">
            <message>
              <![CDATA[Expected condition failed: waiting for element to be clickable: By.xpath: //*[@id="dashboard-gauge-score"]/span[1] (tried for 20 second(s) with 500 milliseconds interval)
Build info: version: '4.3.0', revision: 'a4995e2c09*'
System info: host: 'JEBIN-ZEPHG14', ip: '192.168.1.141', os.name: 'Windows 11', os.arch: 'amd64', os.version: '10.0', java.version: '17.0.2'
Driver info: org.openqa.selenium.chrome.ChromeDriver
Capabilities {acceptInsecureCerts: false, browserName: chrome, browserVersion: 103.0.5060.114, chrome: {chromedriverVersion: 103.0.5060.53 (a1711811edd7..., userDataDir: C:\Users\jebin\AppData\Loca...}, goog:chromeOptions: {debuggerAddress: localhost:54394}, networkConnectionEnabled: false, pageLoadStrategy: normal, platformName: WINDOWS, proxy: Proxy(), se:cdp: ws://localhost:54394/devtoo..., se:cdpVersion: 103.0.5060.114, setWindowRect: true, strictFileInteractability: false, timeouts: {implicit: 0, pageLoad: 300000, script: 30000}, unhandledPromptBehavior: dismiss and notify, webauthn:extension:credBlob: true, webauthn:extension:largeBlob: true, webauthn:virtualAuthenticators: true}
Session ID: f434e56037e1b1bd6c2dc3dd4464b792]]>
            </message>
            <full-stacktrace>
              <![CDATA[org.openqa.selenium.TimeoutException: Expected condition failed: waiting for element to be clickable: By.xpath: //*[@id="dashboard-gauge-score"]/span[1] (tried for 20 second(s) with 500 milliseconds interval)
Build info: version: '4.3.0', revision: 'a4995e2c09*'
System info: host: 'JEBIN-ZEPHG14', ip: '192.168.1.141', os.name: 'Windows 11', os.arch: 'amd64', os.version: '10.0', java.version: '17.0.2'
Driver info: org.openqa.selenium.chrome.ChromeDriver
Capabilities {acceptInsecureCerts: false, browserName: chrome, browserVersion: 103.0.5060.114, chrome: {chromedriverVersion: 103.0.5060.53 (a1711811edd7..., userDataDir: C:\Users\jebin\AppData\Loca...}, goog:chromeOptions: {debuggerAddress: localhost:54394}, networkConnectionEnabled: false, pageLoadStrategy: normal, platformName: WINDOWS, proxy: Proxy(), se:cdp: ws://localhost:54394/devtoo..., se:cdpVersion: 103.0.5060.114, setWindowRect: true, strictFileInteractability: false, timeouts: {implicit: 0, pageLoad: 300000, script: 30000}, unhandledPromptBehavior: dismiss and notify, webauthn:extension:credBlob: true, webauthn:extension:largeBlob: true, webauthn:virtualAuthenticators: true}
Session ID: f434e56037e1b1bd6c2dc3dd4464b792
at org.openqa.selenium.support.ui.WebDriverWait.timeoutException(WebDriverWait.java:87)
at org.openqa.selenium.support.ui.FluentWait.until(FluentWait.java:231)
at utilities.WhActions.waitForElement(WhActions.java:107)
at testngLearn.WalletHubLogin.loginWalletHub(WalletHubLogin.java:82)
at java.base/jdk.internal.reflect.NativeMethodAccessorImpl.invoke0(Native Method)
at java.base/jdk.internal.reflect.NativeMethodAccessorImpl.invoke(NativeMethodAccessorImpl.java:77)
at java.base/jdk.internal.reflect.DelegatingMethodAccessorImpl.invoke(DelegatingMethodAccessorImpl.java:43)
at java.base/java.lang.reflect.Method.invoke(Method.java:568)
at org.testng.internal.MethodInvocationHelper.invokeMethod(MethodInvocationHelper.java:124)
at org.testng.internal.Invoker.invokeMethod(Invoker.java:583)
at org.testng.internal.Invoker.invokeTestMethod(Invoker.java:719)
at org.testng.internal.Invoker.invokeTestMethods(Invoker.java:989)
at org.testng.internal.TestMethodWorker.invokeTestMethods(TestMethodWorker.java:125)
at org.testng.internal.TestMethodWorker.run(TestMethodWorker.java:109)
at org.testng.TestRunner.privateRun(TestRunner.java:648)
at org.testng.TestRunner.run(TestRunner.java:505)
at org.testng.SuiteRunner.runTest(SuiteRunner.java:455)
at org.testng.SuiteRunner.runSequentially(SuiteRunner.java:450)
at org.testng.SuiteRunner.privateRun(SuiteRunner.java:415)
at org.testng.SuiteRunner.run(SuiteRunner.java:364)
at org.testng.SuiteRunnerWorker.runSuite(SuiteRunnerWorker.java:52)
at org.testng.SuiteRunnerWorker.run(SuiteRunnerWorker.java:84)
at org.testng.TestNG.runSuitesSequentially(TestNG.java:1208)
at org.testng.TestNG.runSuitesLocally(TestNG.java:1137)
at org.testng.TestNG.runSuites(TestNG.java:1049)
at org.testng.TestNG.run(TestNG.java:1017)
at org.testng.remote.AbstractRemoteTestNG.run(AbstractRemoteTestNG.java:115)
at org.testng.remote.RemoteTestNG.initAndRun(RemoteTestNG.java:251)
at org.testng.remote.RemoteTestNG.main(RemoteTestNG.java:77)
]]>
            </full-stacktrace>
          </exception> <!-- org.openqa.selenium.TimeoutException -->
          <reporter-output>
            <line>
              <![CDATA[<a href = "./screenshots/Promises1.jpeg" target = "_blank">Screenshot</a>]]>
            </line>
            <line>
              <![CDATA[<br/><br/>]]>
            </line>
            <line>
              <![CDATA[<a href = "./screenshots/Promises1.jpeg" target = "_blank"><img src = "./screenshots/Promises1.jpeg" width = "200"   ></a>]]>
            </line>
          </reporter-output>
        </test-method> <!-- loginWalletHub -->
        <test-method is-config="true" signature="closeBrowser()[pri:0, instance:testngLearn.WalletHubLogin@2766ca9d]" started-at="2022-07-14T07:02:47Z" name="closeBrowser" finished-at="2022-07-14T07:02:47Z" duration-ms="206" status="PASS">
          <reporter-output>
          </reporter-output>
        </test-method> <!-- closeBrowser -->
        <test-method is-config="true" signature="launchBrowser()[pri:0, instance:testngLearn.WalletHubLogin@2766ca9d]" started-at="2022-07-14T07:02:47Z" name="launchBrowser" finished-at="2022-07-14T07:02:48Z" duration-ms="757" status="PASS">
          <reporter-output>
          </reporter-output>
        </test-method> <!-- launchBrowser -->
        <test-method signature="loginWalletHub(java.lang.String, java.lang.String)[pri:0, instance:testngLearn.WalletHubLogin@2766ca9d]" started-at="2022-07-14T07:02:48Z" name="loginWalletHub" data-provider="login-data" finished-at="2022-07-14T07:03:16Z" duration-ms="28136" status="FAIL">
          <params>
            <param index="0">
              <value>
                <![CDATA[diana@evolutionfinance.com]]>
              </value>
            </param>
            <param index="1">
              <value>
                <![CDATA[Abcd321*]]>
              </value>
            </param>
          </params>
          <exception class="org.openqa.selenium.TimeoutException">
            <message>
              <![CDATA[Expected condition failed: waiting for element to be clickable: By.xpath: //*[@id="dashboard-gauge-score"]/span[1] (tried for 20 second(s) with 500 milliseconds interval)
Build info: version: '4.3.0', revision: 'a4995e2c09*'
System info: host: 'JEBIN-ZEPHG14', ip: '192.168.1.141', os.name: 'Windows 11', os.arch: 'amd64', os.version: '10.0', java.version: '17.0.2'
Driver info: org.openqa.selenium.chrome.ChromeDriver
Capabilities {acceptInsecureCerts: false, browserName: chrome, browserVersion: 103.0.5060.114, chrome: {chromedriverVersion: 103.0.5060.53 (a1711811edd7..., userDataDir: C:\Users\jebin\AppData\Loca...}, goog:chromeOptions: {debuggerAddress: localhost:54445}, networkConnectionEnabled: false, pageLoadStrategy: normal, platformName: WINDOWS, proxy: Proxy(), se:cdp: ws://localhost:54445/devtoo..., se:cdpVersion: 103.0.5060.114, setWindowRect: true, strictFileInteractability: false, timeouts: {implicit: 0, pageLoad: 300000, script: 30000}, unhandledPromptBehavior: dismiss and notify, webauthn:extension:credBlob: true, webauthn:extension:largeBlob: true, webauthn:virtualAuthenticators: true}
Session ID: b60a89404d2d49b9121d59287a5f95fc]]>
            </message>
            <full-stacktrace>
              <![CDATA[org.openqa.selenium.TimeoutException: Expected condition failed: waiting for element to be clickable: By.xpath: //*[@id="dashboard-gauge-score"]/span[1] (tried for 20 second(s) with 500 milliseconds interval)
Build info: version: '4.3.0', revision: 'a4995e2c09*'
System info: host: 'JEBIN-ZEPHG14', ip: '192.168.1.141', os.name: 'Windows 11', os.arch: 'amd64', os.version: '10.0', java.version: '17.0.2'
Driver info: org.openqa.selenium.chrome.ChromeDriver
Capabilities {acceptInsecureCerts: false, browserName: chrome, browserVersion: 103.0.5060.114, chrome: {chromedriverVersion: 103.0.5060.53 (a1711811edd7..., userDataDir: C:\Users\jebin\AppData\Loca...}, goog:chromeOptions: {debuggerAddress: localhost:54445}, networkConnectionEnabled: false, pageLoadStrategy: normal, platformName: WINDOWS, proxy: Proxy(), se:cdp: ws://localhost:54445/devtoo..., se:cdpVersion: 103.0.5060.114, setWindowRect: true, strictFileInteractability: false, timeouts: {implicit: 0, pageLoad: 300000, script: 30000}, unhandledPromptBehavior: dismiss and notify, webauthn:extension:credBlob: true, webauthn:extension:largeBlob: true, webauthn:virtualAuthenticators: true}
Session ID: b60a89404d2d49b9121d59287a5f95fc
at org.openqa.selenium.support.ui.WebDriverWait.timeoutException(WebDriverWait.java:87)
at org.openqa.selenium.support.ui.FluentWait.until(FluentWait.java:231)
at utilities.WhActions.waitForElement(WhActions.java:107)
at testngLearn.WalletHubLogin.loginWalletHub(WalletHubLogin.java:82)
at java.base/jdk.internal.reflect.NativeMethodAccessorImpl.invoke0(Native Method)
at java.base/jdk.internal.reflect.NativeMethodAccessorImpl.invoke(NativeMethodAccessorImpl.java:77)
at java.base/jdk.internal.reflect.DelegatingMethodAccessorImpl.invoke(DelegatingMethodAccessorImpl.java:43)
at java.base/java.lang.reflect.Method.invoke(Method.java:568)
at org.testng.internal.MethodInvocationHelper.invokeMethod(MethodInvocationHelper.java:124)
at org.testng.internal.Invoker.invokeMethod(Invoker.java:583)
at org.testng.internal.Invoker.invokeTestMethod(Invoker.java:719)
at org.testng.internal.Invoker.invokeTestMethods(Invoker.java:989)
at org.testng.internal.TestMethodWorker.invokeTestMethods(TestMethodWorker.java:125)
at org.testng.internal.TestMethodWorker.run(TestMethodWorker.java:109)
at org.testng.TestRunner.privateRun(TestRunner.java:648)
at org.testng.TestRunner.run(TestRunner.java:505)
at org.testng.SuiteRunner.runTest(SuiteRunner.java:455)
at org.testng.SuiteRunner.runSequentially(SuiteRunner.java:450)
at org.testng.SuiteRunner.privateRun(SuiteRunner.java:415)
at org.testng.SuiteRunner.run(SuiteRunner.java:364)
at org.testng.SuiteRunnerWorker.runSuite(SuiteRunnerWorker.java:52)
at org.testng.SuiteRunnerWorker.run(SuiteRunnerWorker.java:84)
at org.testng.TestNG.runSuitesSequentially(TestNG.java:1208)
at org.testng.TestNG.runSuitesLocally(TestNG.java:1137)
at org.testng.TestNG.runSuites(TestNG.java:1049)
at org.testng.TestNG.run(TestNG.java:1017)
at org.testng.remote.AbstractRemoteTestNG.run(AbstractRemoteTestNG.java:115)
at org.testng.remote.RemoteTestNG.initAndRun(RemoteTestNG.java:251)
at org.testng.remote.RemoteTestNG.main(RemoteTestNG.java:77)
]]>
            </full-stacktrace>
          </exception> <!-- org.openqa.selenium.TimeoutException -->
          <reporter-output>
            <line>
              <![CDATA[<a href = "./screenshots/Promises1.jpeg" target = "_blank">Screenshot</a>]]>
            </line>
            <line>
              <![CDATA[<br/><br/>]]>
            </line>
            <line>
              <![CDATA[<a href = "./screenshots/Promises1.jpeg" target = "_blank"><img src = "./screenshots/Promises1.jpeg" width = "200"   ></a>]]>
            </line>
          </reporter-output>
        </test-method> <!-- loginWalletHub -->
        <test-method is-config="true" signature="closeBrowser()[pri:0, instance:testngLearn.WalletHubLogin@2766ca9d]" started-at="2022-07-14T07:03:16Z" name="closeBrowser" finished-at="2022-07-14T07:03:16Z" duration-ms="204" status="PASS">
          <reporter-output>
          </reporter-output>
        </test-method> <!-- closeBrowser -->
      </class> <!-- testngLearn.WalletHubLogin -->
    </test> <!-- LoginAndReg -->
    <test started-at="2022-07-14T07:03:16Z" name="Credit Cards" finished-at="2022-07-14T07:03:16Z" duration-ms="10">
      <class name="testngLearn.CcSearchTools">
        <test-method signature="verifyCardTemplate()[pri:0, instance:testngLearn.CcSearchTools@6e4566f1]" started-at="2022-07-14T07:03:16Z" name="verifyCardTemplate" finished-at="2022-07-14T07:03:16Z" duration-ms="5" status="FAIL">
          <exception class="junit.framework.AssertionFailedError">
            <full-stacktrace>
              <![CDATA[junit.framework.AssertionFailedError
at junit.framework.Assert.fail(Assert.java:47)
at junit.framework.Assert.fail(Assert.java:53)
at testngLearn.CcSearchTools.verifyCardTemplate(CcSearchTools.java:13)
at java.base/jdk.internal.reflect.NativeMethodAccessorImpl.invoke0(Native Method)
at java.base/jdk.internal.reflect.NativeMethodAccessorImpl.invoke(NativeMethodAccessorImpl.java:77)
at java.base/jdk.internal.reflect.DelegatingMethodAccessorImpl.invoke(DelegatingMethodAccessorImpl.java:43)
at java.base/java.lang.reflect.Method.invoke(Method.java:568)
at org.testng.internal.MethodInvocationHelper.invokeMethod(MethodInvocationHelper.java:124)
at org.testng.internal.Invoker.invokeMethod(Invoker.java:583)
at org.testng.internal.Invoker.invokeTestMethod(Invoker.java:719)
at org.testng.internal.Invoker.invokeTestMethods(Invoker.java:989)
at org.testng.internal.TestMethodWorker.invokeTestMethods(TestMethodWorker.java:125)
at org.testng.internal.TestMethodWorker.run(TestMethodWorker.java:109)
at org.testng.TestRunner.privateRun(TestRunner.java:648)
at org.testng.TestRunner.run(TestRunner.java:505)
at org.testng.SuiteRunner.runTest(SuiteRunner.java:455)
at org.testng.SuiteRunner.runSequentially(SuiteRunner.java:450)
at org.testng.SuiteRunner.privateRun(SuiteRunner.java:415)
at org.testng.SuiteRunner.run(SuiteRunner.java:364)
at org.testng.SuiteRunnerWorker.runSuite(SuiteRunnerWorker.java:52)
at org.testng.SuiteRunnerWorker.run(SuiteRunnerWorker.java:84)
at org.testng.TestNG.runSuitesSequentially(TestNG.java:1208)
at org.testng.TestNG.runSuitesLocally(TestNG.java:1137)
at org.testng.TestNG.runSuites(TestNG.java:1049)
at org.testng.TestNG.run(TestNG.java:1017)
at org.testng.remote.AbstractRemoteTestNG.run(AbstractRemoteTestNG.java:115)
at org.testng.remote.RemoteTestNG.initAndRun(RemoteTestNG.java:251)
at org.testng.remote.RemoteTestNG.main(RemoteTestNG.java:77)
]]>
            </full-stacktrace>
          </exception> <!-- junit.framework.AssertionFailedError -->
          <reporter-output>
            <line>
              <![CDATA[<a href = "./screenshots/Promises1.jpeg" target = "_blank">Screenshot</a>]]>
            </line>
            <line>
              <![CDATA[<br/><br/>]]>
            </line>
            <line>
              <![CDATA[<a href = "./screenshots/Promises1.jpeg" target = "_blank"><img src = "./screenshots/Promises1.jpeg" width = "200"   ></a>]]>
            </line>
          </reporter-output>
        </test-method> <!-- verifyCardTemplate -->
        <test-method signature="verifyDescription()[pri:0, instance:testngLearn.CcSearchTools@6e4566f1]" started-at="2022-07-14T07:03:16Z" name="verifyDescription" finished-at="2022-07-14T07:03:16Z" duration-ms="1" status="PASS">
          <reporter-output>
            <line>
              <![CDATA[<a href = "./screenshots/Promises1.jpeg">Screenshot</a>]]>
            </line>
            <line>
              <![CDATA[<br/><br/>]]>
            </line>
            <line>
              <![CDATA[<a href = "./screenshots/Promises1.jpeg"><img src = "./screenshots/Promises1.jpeg" width = "200"   ></a>]]>
            </line>
          </reporter-output>
        </test-method> <!-- verifyDescription -->
      </class> <!-- testngLearn.CcSearchTools -->
    </test> <!-- Credit Cards -->
  </suite> <!-- Suite -->
</testng-results>
